#
# A fatal error has been detected by the Java Runtime Environment:
#
#  SIGSEGV (0xb) at pc=0x000000010755a180, pid=6866, tid=22019
#
# JRE version: Java(TM) SE Runtime Environment (8.0_40-b27) (build 1.8.0_40-b27)
# Java VM: Java HotSpot(TM) 64-Bit Server VM (25.40-b25 mixed mode bsd-amd64 compressed oops)
# Problematic frame:
# V  [libjvm.dylib+0x3c8180]  PhaseIdealLoop::build_loop_early(VectorSet&, Node_List&, Node_Stack&)+0x13e
#
# Failed to write core dump. Core dumps have been disabled. To enable core dumping, try "ulimit -c unlimited" before starting Java again
#
# If you would like to submit a bug report, please visit:
#   http://bugreport.java.com/bugreport/crash.jsp
#

---------------  T H R E A D  ---------------

Current thread (0x00007fb11d845800):  JavaThread "C2 CompilerThread0" daemon [_thread_in_native, id=22019, stack(0x000000019c2be000,0x000000019c3be000)]

siginfo: si_signo: 11 (SIGSEGV), si_code: 0 (unknown), si_addr: 0x0000000000000000

Registers:
RAX=0x00407fb11e0d0000, RBX=0x000000019c3ba400, RCX=0x000000019c95c010, RDX=0x000000019c3b78d0
RSP=0x000000019c3b75f0, RBP=0x000000019c3b7640, RSI=0x00007fb11c1ba9a8, RDI=0x000000019c3ba400
R8 =0x0000000000000000, R9 =0x000000019c3b7510, R10=0x0000000000000000, R11=0x00007fb11c1bde30
R12=0x00007fb11d88c010, R13=0x0000000002000000, R14=0x00007fb11c1ba9a8, R15=0x0000000000000000
RIP=0x000000010755a180, EFLAGS=0x0000000000010212, ERR=0x0000000000000000
  TRAPNO=0x000000000000000d

Top of Stack: (sp=0x000000019c3b75f0)
0x000000019c3b75f0:   000000019c3b78f0 000000019c3ba420
0x000000019c3b7600:   000000019c3b7910 000000019c3b78d0
0x000000019c3b7610:   000000229ccf6ea0 000000019c3ba400
0x000000019c3b7620:   00007fb11cb211b0 000000019c3bcfa8
0x000000019c3b7630:   000000019c3b7910 000000000000000c
0x000000019c3b7640:   000000019c3b7980 000000010755c7fe
0x000000019c3b7650:   000000019c3b7670 00007fb11e068550
0x000000019c3b7660:   00007fb100000001 00007fb11cb211b0
0x000000019c3b7670:   000000009c3b7700 00007fff87a68245
0x000000019c3b7680:   000000019c918000 0000000000044000
0x000000019c3b7690:   0000000000000000 00000001076e6296
0x000000019c3b76a0:   0000000000000000 000000019c918000
0x000000019c3b76b0:   0000000000044000 0000000000000000
0x000000019c3b76c0:   0000000000000000 0000000000000000
0x000000019c3b76d0:   000000019c3b7730 0000000000000000
0x000000019c3b76e0:   000000010707e000 000000019c3bcfa8
0x000000019c3b76f0:   0000000000040010 000000010707e000
0x000000019c3b7700:   000000019c3b77c0 00007fff87a6e74f
0x000000019c3b7710:   00000001077805b6 000000019c3bcfa8
0x000000019c3b7720:   0000000000040010 000000009c3bc218
0x000000019c3b7730:   000000019c3b7860 0000000107438fcc
0x000000019c3b7740:   0000000000000000 0000000000000000
0x000000019c3b7750:   000000010707e000 00007fff87a4c856
0x000000019c3b7760:   00007fb11d88f200 000000019c3b7804
0x000000019c3b7770:   000000019c3b7800 00007fff87a4c856
0x000000019c3b7780:   000000010799fcb0 000000019c3b7824
0x000000019c3b7790:   000000019c3b7820 0000000000000000
0x000000019c3b77a0:   000000010799fcb0 000000019c3b781c
0x000000019c3b77b0:   000000010799fccc 000000010799fcc8
0x000000019c3b77c0:   000000010799fcd0 0000004000002060
0x000000019c3b77d0:   000000010799fcb0 0000000000000000
0x000000019c3b77e0:   00007fb11c1abe00 000000019c3bcfa8 

Instructions: (pc=0x000000010755a180)
0x000000010755a160:   0c 44 89 e6 48 8b 7d b8 e8 eb be 08 00 48 8b 43
0x000000010755a170:   30 4e 89 2c e0 48 89 df 4c 89 f6 e8 28 32 ff ff
0x000000010755a180:   48 83 78 18 00 74 cd 49 89 c4 80 bb a8 09 00 00
0x000000010755a190:   00 0f 85 b4 00 00 00 48 83 bb a0 09 00 00 00 0f 

Register to memory mapping:

RAX=0x00407fb11e0d0000 is an unknown value
RBX=0x000000019c3ba400 is pointing into the stack for thread: 0x00007fb11d845800
RCX=0x000000019c95c010 is an unknown value
RDX=0x000000019c3b78d0 is pointing into the stack for thread: 0x00007fb11d845800
RSP=0x000000019c3b75f0 is pointing into the stack for thread: 0x00007fb11d845800
RBP=0x000000019c3b7640 is pointing into the stack for thread: 0x00007fb11d845800
RSI=0x00007fb11c1ba9a8 is an unknown value
RDI=0x000000019c3ba400 is pointing into the stack for thread: 0x00007fb11d845800
R8 =0x0000000000000000 is an unknown value
R9 =0x000000019c3b7510 is pointing into the stack for thread: 0x00007fb11d845800
R10=0x0000000000000000 is an unknown value
R11=0x00007fb11c1bde30 is an unknown value
R12=0x00007fb11d88c010 is an unknown value
R13=0x0000000002000000 is an unknown value
R14=0x00007fb11c1ba9a8 is an unknown value
R15=0x0000000000000000 is an unknown value


Stack: [0x000000019c2be000,0x000000019c3be000],  sp=0x000000019c3b75f0,  free space=997k
Native frames: (J=compiled Java code, j=interpreted, Vv=VM code, C=native code)
V  [libjvm.dylib+0x3c8180]  PhaseIdealLoop::build_loop_early(VectorSet&, Node_List&, Node_Stack&)+0x13e
V  [libjvm.dylib+0x3ca7fe]  PhaseIdealLoop::build_and_optimize(bool, bool)+0x56c
V  [libjvm.dylib+0x1a9b04]  Compile::Optimize()+0x1da
V  [libjvm.dylib+0x1acd97]  Compile::Compile(ciEnv*, C2Compiler*, ciMethod*, int, bool, bool, bool)+0x8cf
V  [libjvm.dylib+0x14bae6]  C2Compiler::compile_method(ciEnv*, ciMethod*, int)+0xac
V  [libjvm.dylib+0x1b041e]  CompileBroker::invoke_compiler_on_method(CompileTask*)+0x5b2
V  [libjvm.dylib+0x1b2965]  CompileBroker::compiler_thread_loop()+0x291
V  [libjvm.dylib+0x549acf]  JavaThread::thread_main_inner()+0x9b
V  [libjvm.dylib+0x54b1c0]  JavaThread::run()+0x1c2
V  [libjvm.dylib+0x46ea8e]  java_start(Thread*)+0xf6
C  [libsystem_c.dylib+0x14772]  _pthread_start+0x147
C  [libsystem_c.dylib+0x11a1]  thread_start+0xd
C  0x0000000000000000


Current CompileTask:
C2:   1200 1041       4       com.android.dx.dex.code.OutputFinisher::addConstants (93 bytes)


---------------  P R O C E S S  ---------------

Java Threads: ( => current thread )
  0x00007fb11e023000 JavaThread "Service Thread" daemon [_thread_blocked, id=23555, stack(0x000000019c5c7000,0x000000019c6c7000)]
  0x00007fb11e018000 JavaThread "C1 CompilerThread2" daemon [_thread_blocked, id=23043, stack(0x000000019c4c4000,0x000000019c5c4000)]
  0x00007fb11d852800 JavaThread "C2 CompilerThread1" daemon [_thread_blocked, id=22531, stack(0x000000019c3c1000,0x000000019c4c1000)]
=>0x00007fb11d845800 JavaThread "C2 CompilerThread0" daemon [_thread_in_native, id=22019, stack(0x000000019c2be000,0x000000019c3be000)]
  0x00007fb11d844800 JavaThread "Signal Dispatcher" daemon [_thread_blocked, id=21507, stack(0x000000019c1bb000,0x000000019c2bb000)]
  0x00007fb11d829000 JavaThread "Finalizer" daemon [_thread_blocked, id=16899, stack(0x000000019bef6000,0x000000019bff6000)]
  0x00007fb11d828800 JavaThread "Reference Handler" daemon [_thread_blocked, id=16387, stack(0x000000019bdf3000,0x000000019bef3000)]
  0x00007fb11e000000 JavaThread "main" [_thread_in_vm, id=6403, stack(0x00000001080fc000,0x00000001081fc000)]

Other Threads:
  0x00007fb11e012000 VMThread [stack: 0x000000019bcf0000,0x000000019bdf0000] [id=15875]
  0x00007fb11e024000 WatcherThread [stack: 0x000000019c6ca000,0x000000019c7ca000] [id=24067]

VM state:not at safepoint (normal execution)

VM Mutex/Monitor currently owned by a thread: None

Heap:
 PSYoungGen      total 38400K, used 29941K [0x0000000142500000, 0x0000000144f80000, 0x0000000157a00000)
  eden space 33280K, 89% used [0x0000000142500000,0x000000014423d5b8,0x0000000144580000)
  from space 5120K, 0% used [0x0000000144a80000,0x0000000144a80000,0x0000000144f80000)
  to   space 5120K, 0% used [0x0000000144580000,0x0000000144580000,0x0000000144a80000)
 ParOldGen       total 87552K, used 0K [0x0000000117a00000, 0x000000011cf80000, 0x0000000142500000)
  object space 87552K, 0% used [0x0000000117a00000,0x0000000117a00000,0x000000011cf80000)
 Metaspace       used 6426K, capacity 7312K, committed 7680K, reserved 1056768K
  class space    used 635K, capacity 648K, committed 768K, reserved 1048576K

Card table byte_map: [0x0000000157a00000,0x0000000157c01000] byte_map_base: 0x0000000157143000

Marking Bits: (ParMarkBitMap*) 0x0000000107a547a0
 Begin Bits: [0x000000015800d000, 0x000000015900d000)
 End Bits:   [0x000000015900d000, 0x000000015a00d000)

Polling page: 0x0000000108241000

CodeCache: size=245760Kb used=4973Kb max_used=4983Kb free=240786Kb
 bounds [0x00000001082d7000, 0x00000001087c7000, 0x00000001172d7000]
 total_blobs=1659 nmethods=1381 adapters=192
 compilation: enabled

Compilation events (10 events):
Event: 1.031 Thread 0x00007fb11e018000 nmethod 1160 0x000000010871bed0 code [0x000000010871c060, 0x000000010871c2b8]
Event: 1.032 Thread 0x00007fb11e018000 1161       3       java.util.Arrays::rangeCheck (74 bytes)
Event: 1.033 Thread 0x00007fb11e018000 nmethod 1161 0x000000010871c3d0 code [0x000000010871c620, 0x000000010871d388]
Event: 1.033 Thread 0x00007fb11e018000 1162       3       com.android.dx.dex.file.DebugInfoEncoder::computeOpcode (35 bytes)
Event: 1.033 Thread 0x00007fb11e018000 nmethod 1162 0x000000010871d9d0 code [0x000000010871db40, 0x000000010871dda8]
Event: 1.033 Thread 0x00007fb11e018000 1163       3       com.android.dx.dex.file.DebugInfoEncoder::emitLocalsAtAddress (150 bytes)
Event: 1.035 Thread 0x00007fb11e018000 nmethod 1163 0x000000010871de90 code [0x000000010871e140, 0x000000010871f528]
Event: 1.035 Thread 0x00007fb11e018000 1164       3       com.android.dx.dex.file.DebugInfoEncoder::emitPositionsAtAddress (48 bytes)
Event: 1.036 Thread 0x00007fb11e018000 nmethod 1164 0x000000010871fd50 code [0x000000010871ff80, 0x0000000108720988]
Event: 1.036 Thread 0x00007fb11e018000 1167       3       com.android.dex.Leb128::writeUnsignedLeb128 (46 bytes)

GC Heap History (0 events):
No events

Deoptimization events (10 events):
Event: 0.944 Thread 0x00007fb11e000000 Uncommon trap: reason=unstable_if action=reinterpret pc=0x000000010846e6fc method=java.lang.String.replace(CC)Ljava/lang/String; @ 26
Event: 0.945 Thread 0x00007fb11e000000 Uncommon trap: reason=bimorphic action=maybe_recompile pc=0x00000001085a0290 method=java.util.HashMap.getNode(ILjava/lang/Object;)Ljava/util/HashMap$Node; @ 126
Event: 0.949 Thread 0x00007fb11e000000 Uncommon trap: reason=bimorphic action=maybe_recompile pc=0x00000001085a0290 method=java.util.HashMap.getNode(ILjava/lang/Object;)Ljava/util/HashMap$Node; @ 126
Event: 0.949 Thread 0x00007fb11e000000 Uncommon trap: reason=bimorphic action=maybe_recompile pc=0x000000010866ecb0 method=java.util.HashMap.putVal(ILjava/lang/Object;Ljava/lang/Object;ZZ)Ljava/lang/Object; @ 203
Event: 0.949 Thread 0x00007fb11e000000 Uncommon trap: reason=bimorphic action=maybe_recompile pc=0x00000001085a0290 method=java.util.HashMap.getNode(ILjava/lang/Object;)Ljava/util/HashMap$Node; @ 126
Event: 0.949 Thread 0x00007fb11e000000 Uncommon trap: reason=bimorphic action=maybe_recompile pc=0x000000010866ecb0 method=java.util.HashMap.putVal(ILjava/lang/Object;Ljava/lang/Object;ZZ)Ljava/lang/Object; @ 203
Event: 0.956 Thread 0x00007fb11e000000 Uncommon trap: reason=bimorphic action=maybe_recompile pc=0x000000010866ecb0 method=java.util.HashMap.putVal(ILjava/lang/Object;Ljava/lang/Object;ZZ)Ljava/lang/Object; @ 203
Event: 0.956 Thread 0x00007fb11e000000 Uncommon trap: reason=bimorphic action=maybe_recompile pc=0x000000010866ecb0 method=java.util.HashMap.putVal(ILjava/lang/Object;Ljava/lang/Object;ZZ)Ljava/lang/Object; @ 203
Event: 0.961 Thread 0x00007fb11e000000 Uncommon trap: reason=bimorphic action=maybe_recompile pc=0x00000001085a0290 method=java.util.HashMap.getNode(ILjava/lang/Object;)Ljava/util/HashMap$Node; @ 126
Event: 0.961 Thread 0x00007fb11e000000 Uncommon trap: reason=bimorphic action=maybe_recompile pc=0x000000010854db04 method=java.util.HashMap.getNode(ILjava/lang/Object;)Ljava/util/HashMap$Node; @ 126

Internal exceptions (10 events):
Event: 0.180 Thread 0x00007fb11e000000 Exception <a 'java/security/PrivilegedActionException'> (0x000000014271fcb0) thrown at [/Users/java_re/workspace/8-2-build-macosx-x86_64/jdk8u40/3153/hotspot/src/share/vm/prims/jvm.cpp, line 1382]
Event: 0.181 Thread 0x00007fb11e000000 Exception <a 'java/util/zip/ZipException'> (0x0000000142720a90) thrown at [/Users/java_re/workspace/8-2-build-macosx-x86_64/jdk8u40/3153/hotspot/src/share/vm/prims/jni.cpp, line 709]
Event: 0.181 Thread 0x00007fb11e000000 Exception <a 'java/security/PrivilegedActionException'> (0x0000000142720c40) thrown at [/Users/java_re/workspace/8-2-build-macosx-x86_64/jdk8u40/3153/hotspot/src/share/vm/prims/jvm.cpp, line 1382]
Event: 0.181 Thread 0x00007fb11e000000 Exception <a 'java/security/PrivilegedActionException'> (0x0000000142720df8) thrown at [/Users/java_re/workspace/8-2-build-macosx-x86_64/jdk8u40/3153/hotspot/src/share/vm/prims/jvm.cpp, line 1382]
Event: 0.183 Thread 0x00007fb11e000000 Exception <a 'java/util/zip/ZipException'> (0x0000000142721b40) thrown at [/Users/java_re/workspace/8-2-build-macosx-x86_64/jdk8u40/3153/hotspot/src/share/vm/prims/jni.cpp, line 709]
Event: 0.183 Thread 0x00007fb11e000000 Exception <a 'java/security/PrivilegedActionException'> (0x0000000142721cf0) thrown at [/Users/java_re/workspace/8-2-build-macosx-x86_64/jdk8u40/3153/hotspot/src/share/vm/prims/jvm.cpp, line 1382]
Event: 0.183 Thread 0x00007fb11e000000 Exception <a 'java/security/PrivilegedActionException'> (0x0000000142721ea8) thrown at [/Users/java_re/workspace/8-2-build-macosx-x86_64/jdk8u40/3153/hotspot/src/share/vm/prims/jvm.cpp, line 1382]
Event: 0.186 Thread 0x00007fb11e000000 Exception <a 'java/util/zip/ZipException'> (0x0000000142734dc8) thrown at [/Users/java_re/workspace/8-2-build-macosx-x86_64/jdk8u40/3153/hotspot/src/share/vm/prims/jni.cpp, line 709]
Event: 0.186 Thread 0x00007fb11e000000 Exception <a 'java/security/PrivilegedActionException'> (0x0000000142734f78) thrown at [/Users/java_re/workspace/8-2-build-macosx-x86_64/jdk8u40/3153/hotspot/src/share/vm/prims/jvm.cpp, line 1382]
Event: 0.186 Thread 0x00007fb11e000000 Exception <a 'java/security/PrivilegedActionException'> (0x0000000142735130) thrown at [/Users/java_re/workspace/8-2-build-macosx-x86_64/jdk8u40/3153/hotspot/src/share/vm/prims/jvm.cpp, line 1382]

Events (10 events):
Event: 1.003 loading class com/android/dx/util/ByteArrayAnnotatedOutput
Event: 1.003 loading class com/android/dx/util/ByteArrayAnnotatedOutput done
Event: 1.025 loading class com/android/dx/dex/file/DebugInfoEncoder
Event: 1.025 loading class com/android/dx/dex/file/DebugInfoEncoder done
Event: 1.027 loading class com/android/dx/dex/file/DebugInfoEncoder$1
Event: 1.027 loading class com/android/dx/dex/file/DebugInfoEncoder$1 done
Event: 1.028 loading class com/android/dx/dex/file/DebugInfoEncoder$2
Event: 1.028 loading class com/android/dx/dex/file/DebugInfoEncoder$2 done
Event: 1.035 loading class com/android/dex/EncodedValueCodec
Event: 1.035 loading class com/android/dex/EncodedValueCodec done


Dynamic libraries:
0x0000000001dbb000 	/System/Library/Frameworks/Cocoa.framework/Versions/A/Cocoa
0x0000000001dbb000 	/System/Library/Frameworks/Security.framework/Versions/A/Security
0x0000000001dbb000 	/System/Library/Frameworks/ApplicationServices.framework/Versions/A/ApplicationServices
0x0000000001dbb000 	/usr/lib/libz.1.dylib
0x0000000001dbb000 	/usr/lib/libSystem.B.dylib
0x0000000001dbb000 	/usr/lib/libobjc.A.dylib
0x0000000001dbb000 	/System/Library/Frameworks/CoreFoundation.framework/Versions/A/CoreFoundation
0x0000000001dbb000 	/System/Library/Frameworks/Foundation.framework/Versions/C/Foundation
0x0000000001dbb000 	/System/Library/Frameworks/AppKit.framework/Versions/C/AppKit
0x0000000001dbb000 	/System/Library/Frameworks/CoreData.framework/Versions/A/CoreData
0x0000000001dbb000 	/System/Library/PrivateFrameworks/RemoteViewServices.framework/Versions/A/RemoteViewServices
0x0000000001dbb000 	/System/Library/Frameworks/AudioToolbox.framework/Versions/A/AudioToolbox
0x0000000001dbb000 	/System/Library/Frameworks/AudioUnit.framework/Versions/A/AudioUnit
0x0000000001dbb000 	/System/Library/PrivateFrameworks/DataDetectorsCore.framework/Versions/A/DataDetectorsCore
0x0000000001dbb000 	/System/Library/PrivateFrameworks/DesktopServicesPriv.framework/Versions/A/DesktopServicesPriv
0x0000000001dbb000 	/System/Library/Frameworks/Carbon.framework/Versions/A/Frameworks/HIToolbox.framework/Versions/A/HIToolbox
0x0000000001dbb000 	/System/Library/Frameworks/QuartzCore.framework/Versions/A/QuartzCore
0x0000000001dbb000 	/System/Library/Frameworks/Carbon.framework/Versions/A/Frameworks/SpeechRecognition.framework/Versions/A/SpeechRecognition
0x0000000001dbb000 	/usr/lib/libauto.dylib
0x0000000001dbb000 	/usr/lib/libicucore.A.dylib
0x0000000001dbb000 	/usr/lib/libxml2.2.dylib
0x0000000001dbb000 	/System/Library/PrivateFrameworks/CoreUI.framework/Versions/A/CoreUI
0x0000000001dbb000 	/System/Library/Frameworks/CoreAudio.framework/Versions/A/CoreAudio
0x0000000001dbb000 	/System/Library/Frameworks/DiskArbitration.framework/Versions/A/DiskArbitration
0x0000000001dbb000 	/usr/lib/liblangid.dylib
0x0000000001dbb000 	/System/Library/PrivateFrameworks/MultitouchSupport.framework/Versions/A/MultitouchSupport
0x0000000001dbb000 	/System/Library/Frameworks/IOKit.framework/Versions/A/IOKit
0x0000000001dbb000 	/usr/lib/libDiagnosticMessagesClient.dylib
0x0000000001dbb000 	/System/Library/Frameworks/CoreServices.framework/Versions/A/CoreServices
0x0000000001dbb000 	/System/Library/PrivateFrameworks/PerformanceAnalysis.framework/Versions/A/PerformanceAnalysis
0x0000000001dbb000 	/System/Library/PrivateFrameworks/GenerationalStorage.framework/Versions/A/GenerationalStorage
0x0000000001dbb000 	/System/Library/Frameworks/OpenGL.framework/Versions/A/OpenGL
0x0000000001dbb000 	/System/Library/Frameworks/CoreText.framework/Versions/A/CoreText
0x0000000001dbb000 	/System/Library/Frameworks/ImageIO.framework/Versions/A/ImageIO
0x0000000001dbb000 	/System/Library/PrivateFrameworks/Backup.framework/Versions/A/Backup
0x0000000001dbb000 	/System/Library/Frameworks/CFNetwork.framework/Versions/A/CFNetwork
0x0000000001dbb000 	/System/Library/Frameworks/SystemConfiguration.framework/Versions/A/SystemConfiguration
0x0000000001dbb000 	/usr/lib/libCRFSuite.dylib
0x0000000001dbb000 	/System/Library/PrivateFrameworks/TCC.framework/Versions/A/TCC
0x0000000001dbb000 	/usr/lib/libc++.1.dylib
0x0000000001dbb000 	/usr/lib/libc++abi.dylib
0x0000000001dbb000 	/usr/lib/system/libcache.dylib
0x0000000001dbb000 	/usr/lib/system/libcommonCrypto.dylib
0x0000000001dbb000 	/usr/lib/system/libcompiler_rt.dylib
0x0000000001dbb000 	/usr/lib/system/libcopyfile.dylib
0x0000000001dbb000 	/usr/lib/system/libdispatch.dylib
0x0000000001dbb000 	/usr/lib/system/libdnsinfo.dylib
0x0000000001dbb000 	/usr/lib/system/libdyld.dylib
0x0000000001dbb000 	/usr/lib/system/libkeymgr.dylib
0x0000000001dbb000 	/usr/lib/system/liblaunch.dylib
0x0000000001dbb000 	/usr/lib/system/libmacho.dylib
0x0000000001dbb000 	/usr/lib/system/libquarantine.dylib
0x0000000001dbb000 	/usr/lib/system/libremovefile.dylib
0x0000000001dbb000 	/usr/lib/system/libsystem_blocks.dylib
0x0000000001dbb000 	/usr/lib/system/libsystem_c.dylib
0x0000000001dbb000 	/usr/lib/system/libsystem_dnssd.dylib
0x0000000001dbb000 	/usr/lib/system/libsystem_info.dylib
0x0000000001dbb000 	/usr/lib/system/libsystem_kernel.dylib
0x0000000001dbb000 	/usr/lib/system/libsystem_m.dylib
0x0000000001dbb000 	/usr/lib/system/libsystem_network.dylib
0x0000000001dbb000 	/usr/lib/system/libsystem_notify.dylib
0x0000000001dbb000 	/usr/lib/system/libsystem_sandbox.dylib
0x0000000001dbb000 	/usr/lib/system/libunc.dylib
0x0000000001dbb000 	/usr/lib/system/libunwind.dylib
0x0000000001dbb000 	/usr/lib/system/libxpc.dylib
0x0000000001dbb000 	/usr/lib/system/libcorecrypto.dylib
0x0000000001dbb000 	/usr/lib/libstdc++.6.dylib
0x0000000001dbb000 	/usr/lib/libbsm.0.dylib
0x0000000001dbb000 	/usr/lib/libsqlite3.dylib
0x0000000001dbb000 	/usr/lib/libxar.1.dylib
0x0000000001dbb000 	/usr/lib/libpam.2.dylib
0x0000000001dbb000 	/usr/lib/libOpenScriptingUtil.dylib
0x0000000001dbb000 	/usr/lib/libbz2.1.0.dylib
0x0000000001dbb000 	/System/Library/Frameworks/CoreServices.framework/Versions/A/Frameworks/CarbonCore.framework/Versions/A/CarbonCore
0x0000000001dbb000 	/System/Library/Frameworks/CoreServices.framework/Versions/A/Frameworks/Metadata.framework/Versions/A/Metadata
0x0000000001dbb000 	/System/Library/Frameworks/CoreServices.framework/Versions/A/Frameworks/OSServices.framework/Versions/A/OSServices
0x0000000001dbb000 	/System/Library/Frameworks/CoreServices.framework/Versions/A/Frameworks/SearchKit.framework/Versions/A/SearchKit
0x0000000001dbb000 	/System/Library/Frameworks/CoreServices.framework/Versions/A/Frameworks/AE.framework/Versions/A/AE
0x0000000001dbb000 	/System/Library/Frameworks/CoreServices.framework/Versions/A/Frameworks/LaunchServices.framework/Versions/A/LaunchServices
0x0000000001dbb000 	/System/Library/Frameworks/CoreServices.framework/Versions/A/Frameworks/DictionaryServices.framework/Versions/A/DictionaryServices
0x0000000001dbb000 	/System/Library/Frameworks/NetFS.framework/Versions/A/NetFS
0x0000000001dbb000 	/usr/lib/system/libkxld.dylib
0x0000000001dbb000 	/System/Library/PrivateFrameworks/NetAuth.framework/Versions/A/NetAuth
0x0000000001dbb000 	/System/Library/Frameworks/OpenDirectory.framework/Versions/A/Frameworks/CFOpenDirectory.framework/Versions/A/CFOpenDirectory
0x0000000001dbb000 	/usr/lib/libxslt.1.dylib
0x0000000001dbb000 	/System/Library/PrivateFrameworks/FamilyControls.framework/Versions/A/FamilyControls
0x0000000001dbb000 	/System/Library/Frameworks/Carbon.framework/Versions/A/Frameworks/Ink.framework/Versions/A/Ink
0x0000000001dbb000 	/System/Library/Frameworks/ApplicationServices.framework/Versions/A/Frameworks/CoreGraphics.framework/Versions/A/CoreGraphics
0x0000000001dbb000 	/System/Library/Frameworks/ApplicationServices.framework/Versions/A/Frameworks/ATS.framework/Versions/A/ATS
0x0000000001dbb000 	/System/Library/Frameworks/ApplicationServices.framework/Versions/A/Frameworks/ColorSync.framework/Versions/A/ColorSync
0x0000000001dbb000 	/System/Library/Frameworks/ApplicationServices.framework/Versions/A/Frameworks/HIServices.framework/Versions/A/HIServices
0x0000000001dbb000 	/System/Library/Frameworks/ApplicationServices.framework/Versions/A/Frameworks/LangAnalysis.framework/Versions/A/LangAnalysis
0x0000000001dbb000 	/System/Library/Frameworks/ApplicationServices.framework/Versions/A/Frameworks/PrintCore.framework/Versions/A/PrintCore
0x0000000001dbb000 	/System/Library/Frameworks/ApplicationServices.framework/Versions/A/Frameworks/QD.framework/Versions/A/QD
0x0000000001dbb000 	/System/Library/Frameworks/ApplicationServices.framework/Versions/A/Frameworks/SpeechSynthesis.framework/Versions/A/SpeechSynthesis
0x0000000001dbb000 	/System/Library/Frameworks/IOSurface.framework/Versions/A/IOSurface
0x0000000001dbb000 	/System/Library/Frameworks/Accelerate.framework/Versions/A/Accelerate
0x0000000001dbb000 	/System/Library/Frameworks/ApplicationServices.framework/Versions/A/Frameworks/ATS.framework/Versions/A/Resources/libFontParser.dylib
0x0000000001dbb000 	/System/Library/Frameworks/ApplicationServices.framework/Versions/A/Frameworks/ATS.framework/Versions/A/Resources/libFontRegistry.dylib
0x0000000001dbb000 	/System/Library/Frameworks/Accelerate.framework/Versions/A/Frameworks/vImage.framework/Versions/A/vImage
0x0000000001dbb000 	/System/Library/Frameworks/Accelerate.framework/Versions/A/Frameworks/vecLib.framework/Versions/A/vecLib
0x0000000001dbb000 	/System/Library/Frameworks/Accelerate.framework/Versions/A/Frameworks/vecLib.framework/Versions/A/libvDSP.dylib
0x0000000001dbb000 	/System/Library/Frameworks/Accelerate.framework/Versions/A/Frameworks/vecLib.framework/Versions/A/libvMisc.dylib
0x0000000001dbb000 	/System/Library/Frameworks/Accelerate.framework/Versions/A/Frameworks/vecLib.framework/Versions/A/libLAPACK.dylib
0x0000000001dbb000 	/System/Library/Frameworks/Accelerate.framework/Versions/A/Frameworks/vecLib.framework/Versions/A/libBLAS.dylib
0x0000000001dbb000 	/System/Library/Frameworks/ImageIO.framework/Versions/A/Resources/libJPEG.dylib
0x0000000001dbb000 	/System/Library/Frameworks/ImageIO.framework/Versions/A/Resources/libTIFF.dylib
0x0000000001dbb000 	/System/Library/Frameworks/ImageIO.framework/Versions/A/Resources/libPng.dylib
0x0000000001dbb000 	/System/Library/Frameworks/ImageIO.framework/Versions/A/Resources/libGIF.dylib
0x0000000001dbb000 	/System/Library/Frameworks/ImageIO.framework/Versions/A/Resources/libJP2.dylib
0x0000000001dbb000 	/System/Library/Frameworks/ImageIO.framework/Versions/A/Resources/libRadiance.dylib
0x0000000001dbb000 	/usr/lib/libcups.2.dylib
0x0000000001dbb000 	/System/Library/Frameworks/Kerberos.framework/Versions/A/Kerberos
0x0000000001dbb000 	/System/Library/Frameworks/GSS.framework/Versions/A/GSS
0x0000000001dbb000 	/usr/lib/libresolv.9.dylib
0x0000000001dbb000 	/usr/lib/libiconv.2.dylib
0x0000000001dbb000 	/System/Library/PrivateFrameworks/Heimdal.framework/Versions/A/Heimdal
0x0000000001dbb000 	/System/Library/PrivateFrameworks/TrustEvaluationAgent.framework/Versions/A/TrustEvaluationAgent
0x0000000001dbb000 	/System/Library/Frameworks/OpenDirectory.framework/Versions/A/OpenDirectory
0x0000000001dbb000 	/System/Library/PrivateFrameworks/CommonAuth.framework/Versions/A/CommonAuth
0x0000000001dbb000 	/System/Library/PrivateFrameworks/Bom.framework/Versions/A/Bom
0x0000000001dbb000 	/System/Library/Frameworks/CoreVideo.framework/Versions/A/CoreVideo
0x0000000001dbb000 	/System/Library/Frameworks/QuartzCore.framework/Versions/A/Frameworks/CoreImage.framework/Versions/A/CoreImage
0x0000000001dbb000 	/System/Library/Frameworks/QuartzCore.framework/Versions/A/Frameworks/ScalableUserInterface.framework/Versions/A/ScalableUserInterface
0x0000000001dbb000 	/System/Library/Frameworks/OpenGL.framework/Versions/A/Libraries/libGLU.dylib
0x0000000001dbb000 	/System/Library/Frameworks/OpenGL.framework/Versions/A/Libraries/libGFXShared.dylib
0x0000000001dbb000 	/System/Library/Frameworks/OpenGL.framework/Versions/A/Libraries/libGL.dylib
0x0000000001dbb000 	/System/Library/Frameworks/OpenGL.framework/Versions/A/Libraries/libGLImage.dylib
0x0000000001dbb000 	/System/Library/Frameworks/OpenGL.framework/Versions/A/Libraries/libCVMSPluginSupport.dylib
0x0000000001dbb000 	/System/Library/Frameworks/OpenGL.framework/Versions/A/Libraries/libCoreVMClient.dylib
0x0000000001dbb000 	/System/Library/PrivateFrameworks/CrashReporterSupport.framework/Versions/A/CrashReporterSupport
0x0000000001dbb000 	/System/Library/Frameworks/OpenCL.framework/Versions/A/OpenCL
0x0000000001dbb000 	/System/Library/PrivateFrameworks/FaceCoreLight.framework/Versions/A/FaceCoreLight
0x0000000001dbb000 	/System/Library/PrivateFrameworks/AppleFSCompression.framework/Versions/A/AppleFSCompression
0x0000000001dbb000 	/System/Library/PrivateFrameworks/Ubiquity.framework/Versions/A/Ubiquity
0x0000000001dbb000 	/System/Library/Frameworks/ServiceManagement.framework/Versions/A/ServiceManagement
0x0000000001dbb000 	/System/Library/PrivateFrameworks/ChunkingLibrary.framework/Versions/A/ChunkingLibrary
0x0000000001dbb000 	/System/Library/Frameworks/vecLib.framework/Versions/A/vecLib
0x0000000001dbb000 	/System/Library/Frameworks/SecurityFoundation.framework/Versions/A/SecurityFoundation
0x0000000001dbb000 	/System/Library/PrivateFrameworks/CommerceKit.framework/Versions/A/Frameworks/CommerceCore.framework/Versions/A/CommerceCore
0x0000000001dbb000 	/System/Library/PrivateFrameworks/CoreSymbolication.framework/Versions/A/CoreSymbolication
0x0000000001dbb000 	/System/Library/PrivateFrameworks/Symbolication.framework/Versions/A/Symbolication
0x0000000001dbb000 	/System/Library/PrivateFrameworks/DebugSymbols.framework/Versions/A/DebugSymbols
0x0000000107192000 	/Library/Java/JavaVirtualMachines/jdk1.8.0_40.jdk/Contents/Home/jre/lib/server/libjvm.dylib
0x00000001081fe000 	/Library/Java/JavaVirtualMachines/jdk1.8.0_40.jdk/Contents/Home/jre/lib/libverify.dylib
0x000000010820c000 	/Library/Java/JavaVirtualMachines/jdk1.8.0_40.jdk/Contents/Home/jre/lib/libjava.dylib
0x00000001082ce000 	/Library/Java/JavaVirtualMachines/jdk1.8.0_40.jdk/Contents/Home/jre/lib/libzip.dylib
0x000000019bff8000 	/System/Library/Frameworks/JavaVM.framework/Frameworks/JavaRuntimeSupport.framework/JavaRuntimeSupport
0x000000019c010000 	/System/Library/Frameworks/JavaVM.framework/Versions/A/Frameworks/JavaNativeFoundation.framework/Versions/A/JavaNativeFoundation
0x00000001177ee000 	/System/Library/Frameworks/JavaVM.framework/Versions/A/JavaVM
0x0000000001dbb000 	/System/Library/Frameworks/Carbon.framework/Versions/A/Carbon
0x000000019c025000 	/System/Library/PrivateFrameworks/JavaLaunching.framework/Versions/A/JavaLaunching
0x0000000001dbb000 	/System/Library/Frameworks/Carbon.framework/Versions/A/Frameworks/CommonPanels.framework/Versions/A/CommonPanels
0x0000000001dbb000 	/System/Library/Frameworks/Carbon.framework/Versions/A/Frameworks/Help.framework/Versions/A/Help
0x0000000001dbb000 	/System/Library/Frameworks/Carbon.framework/Versions/A/Frameworks/ImageCapture.framework/Versions/A/ImageCapture
0x0000000001dbb000 	/System/Library/Frameworks/Carbon.framework/Versions/A/Frameworks/OpenScripting.framework/Versions/A/OpenScripting
0x0000000001dbb000 	/System/Library/Frameworks/Carbon.framework/Versions/A/Frameworks/Print.framework/Versions/A/Print
0x0000000001dbb000 	/System/Library/Frameworks/Carbon.framework/Versions/A/Frameworks/SecurityHI.framework/Versions/A/SecurityHI

VM Arguments:
jvm_args: -Xmx1024M -Dfile.encoding=UTF-8 -Duser.country=US -Duser.language=en -Duser.variant 
java_command: com.android.dx.command.Main --dex --output /Users/lohit/Desktop/Projects/Android/SimpleTodoApp/app/build/intermediates/dex/debug /Users/lohit/Desktop/Projects/Android/SimpleTodoApp/app/build/intermediates/classes/debug /Users/lohit/Desktop/Projects/Android/SimpleTodoApp/app/build/intermediates/pre-dexed/debug/support-annotations-22.0.0-8aab206939c46cc0aa012a9722a3b6cc3cd2ab90.jar /Users/lohit/Desktop/Projects/Android/SimpleTodoApp/app/build/intermediates/pre-dexed/debug/internal_impl-22.0.0-fd8eeafa36fbea68dd60a9428d03194bc23f460d.jar /Users/lohit/Desktop/Projects/Android/SimpleTodoApp/app/build/intermediates/pre-dexed/debug/classes-67c5d02d5d797131d6dc382ee501e090e3a2ef34.jar /Users/lohit/Desktop/Projects/Android/SimpleTodoApp/app/build/intermediates/pre-dexed/debug/classes-05126f39ba6be7f3f04663b853edc1710a45e0b5.jar
java_class_path (initial): /Users/lohit/Library/Android/sdk/build-tools/22.0.1/lib/dx.jar
Launcher Type: SUN_STANDARD

Environment Variables:
PATH=/usr/bin:/bin:/usr/sbin:/sbin
SHELL=/bin/bash

Signal Handlers:
SIGSEGV: [libjvm.dylib+0x58ef95], sa_mask[0]=11111111011111110111111111111111, sa_flags=SA_ONSTACK|SA_RESTART|SA_SIGINFO
SIGBUS: [libjvm.dylib+0x58ef95], sa_mask[0]=11111111011111110111111111111111, sa_flags=SA_RESTART|SA_SIGINFO
SIGFPE: [libjvm.dylib+0x46c118], sa_mask[0]=11111111011111110111111111111111, sa_flags=SA_RESTART|SA_SIGINFO
SIGPIPE: [libjvm.dylib+0x46c118], sa_mask[0]=11111111011111110111111111111111, sa_flags=SA_RESTART|SA_SIGINFO
SIGXFSZ: [libjvm.dylib+0x46c118], sa_mask[0]=11111111011111110111111111111111, sa_flags=SA_RESTART|SA_SIGINFO
SIGILL: [libjvm.dylib+0x46c118], sa_mask[0]=11111111011111110111111111111111, sa_flags=SA_RESTART|SA_SIGINFO
SIGUSR1: SIG_DFL, sa_mask[0]=00000000000000000000000000000000, sa_flags=SA_RESTART
SIGUSR2: [libjvm.dylib+0x46bc36], sa_mask[0]=00100000000000000000000000000000, sa_flags=SA_RESTART|SA_SIGINFO
SIGHUP: [libjvm.dylib+0x46a209], sa_mask[0]=11111111011111110111111111111111, sa_flags=SA_RESTART|SA_SIGINFO
SIGINT: [libjvm.dylib+0x46a209], sa_mask[0]=11111111011111110111111111111111, sa_flags=SA_RESTART|SA_SIGINFO
SIGTERM: [libjvm.dylib+0x46a209], sa_mask[0]=11111111011111110111111111111111, sa_flags=SA_RESTART|SA_SIGINFO
SIGQUIT: [libjvm.dylib+0x46a209], sa_mask[0]=11111111011111110111111111111111, sa_flags=SA_RESTART|SA_SIGINFO


---------------  S Y S T E M  ---------------

OS:Bsduname:Darwin 12.5.0 Darwin Kernel Version 12.5.0: Sun Sep 29 13:33:47 PDT 2013; root:xnu-2050.48.12~1/RELEASE_X86_64 x86_64
rlimit: STACK 8192k, CORE 0k, NPROC 709, NOFILE 10240, AS infinity
load average:1.44 2.14 2.15

CPU:total 4 (2 cores per cpu, 2 threads per core) family 6 model 42 stepping 7, cmov, cx8, fxsr, mmx, sse, sse2, sse3, ssse3, sse4.1, sse4.2, popcnt, avx, aes, clmul, ht, tsc, tscinvbit

Memory: 4k page, physical 8388608k(37196k free)

/proc/meminfo:


vm_info: Java HotSpot(TM) 64-Bit Server VM (25.40-b25) for bsd-amd64 JRE (1.8.0_40-b27), built on Mar 13 2015 04:46:52 by "java_re" with gcc 4.2.1 (Based on Apple Inc. build 5658) (LLVM build 2336.11.00)

time: Sun Apr 26 12:03:59 2015
elapsed time: 1 seconds (0d 0h 0m 1s)

